<?xml version="1.0" encoding="UTF-8"?>
<!-- Generated by org.testng.reporters.JUnitReportReporter -->
<testsuite hostname="DESKTOP-S6HITMC" failures="0" tests="2" name="ehg.test.logoTest" time="1.816" errors="0" timestamp="2023-03-03T11:05:45 CST" skipped="1">
  <testcase classname="ehg.test.logoTest" name="CompareLogoImageTest" time="1.816"/>
  <system-out/>
  <testcase classname="ehg.test.logoTest" name="SavingLogoTest">
    <skipped/>
  </testcase> <!-- SavingLogoTest -->
  <system-out/>
</testsuite> <!-- ehg.test.logoTest -->
