<?xml version="1.0" encoding="UTF-8"?>
<!-- Generated by org.testng.reporters.JUnitReportReporter -->
<testsuite hostname="DESKTOP-S6HITMC" failures="0" tests="1" name="ehg.test.logoTest" time="1.835" errors="0" timestamp="2023-03-02T04:52:26 CST" skipped="0">
  <testcase classname="ehg.test.logoTest" name="SavingLogoTest" time="1.835"/>
  <system-out/>
</testsuite> <!-- ehg.test.logoTest -->
